=== CI/CD Performance Monitoring Started ===
Timestamp: Tue Aug 26 19:47:54 CST 2025
Workflow: 'Local'
Run ID: 'N/A'
Node Version: v20.12.2
=============================================
[0;32m[INFO][0m Measuring system resources...
[0;35m[METRIC][0m CPU Cores: Unknown
[0;35m[METRIC][0m Memory Total: MB
[0;35m[METRIC][0m Memory Available: MB
[0;35m[METRIC][0m Disk Total: GB
[0;35m[METRIC][0m Disk Available: GB
[0;32m[INFO][0m Measuring cache effectiveness...
[0;35m[METRIC][0m npm Cache Size: 256MB
[0;35m[METRIC][0m node_modules Size: 560MB
[0;35m[METRIC][0m Next.js Cache Size: 125MB
[0;35m[METRIC][0m Jest Cache Size: 0MB
[0;35m[METRIC][0m Cache Effectiveness Score: 75%
[0;32m[INFO][0m Benchmarking dependency installation...
[0;35m[METRIC][0m Total Packages: 938
[0;35m[METRIC][0m Dependency Analysis Duration: .010344000s
[0;32m[INFO][0m Benchmarking test execution performance...
[0;35m[METRIC][0m unit Test Files:        0
[0;35m[METRIC][0m integration Test Files:        1
[0;35m[METRIC][0m e2e Test Files:        1
[0;35m[METRIC][0m performance Test Files:        1
[0;35m[METRIC][0m Total Test Files: 3
[0;35m[METRIC][0m Optimal Jest Workers: 2
[0;32m[INFO][0m Benchmarking build performance...
[0;35m[METRIC][0m Source Files:       58
[0;35m[METRIC][0m Component Files:       17
[0;35m[METRIC][0m Build Complexity: medium
[0;32m[INFO][0m Generating performance recommendations...
[1;33m[WARN][0m Performance Recommendations:
[1;33m[WARN][0m   - Improve caching strategy - current effectiveness: 0%
[1;33m[WARN][0m   - Consider increasing available memory (current: 0MB)
[1;33m[WARN][0m   - Consider using runners with more CPU cores for parallel processing
[0;32m[INFO][0m Creating performance benchmark file...
[0;32m[INFO][0m Performance benchmark saved to: /Users/tony/tony-space/Tony/python/automated-ptt-telegram-scheduler/performance-benchmark.json
[0;32m[INFO][0m Comparing with historical benchmarks...
[0;32m[INFO][0m Comparing with previous benchmark: benchmark_20250826_194755.json
[0;32m[INFO][0m Generating comprehensive performance report...
[0;32m[INFO][0m Performance report generated: /Users/tony/tony-space/Tony/python/automated-ptt-telegram-scheduler/ci-performance-report.md
[0;32m[INFO][0m CI/CD performance monitoring completed successfully!
[0;32m[INFO][0m Results saved to:
[0;32m[INFO][0m   - Performance Log: /Users/tony/tony-space/Tony/python/automated-ptt-telegram-scheduler/ci-performance.log
[0;32m[INFO][0m   - Benchmark Data: /Users/tony/tony-space/Tony/python/automated-ptt-telegram-scheduler/performance-benchmark.json
[0;32m[INFO][0m   - Performance Report: /Users/tony/tony-space/Tony/python/automated-ptt-telegram-scheduler/ci-performance-report.md
